Listing of save set(s)

Save set:          VMS$AUDIT.BCK
Written by:        LRICKER     
UIC:               [000007,000035]
Date:              16-FEB-2016 14:00:52.49
Command:           BACKUP/LIST=VMS$AUDIT/NOCRC/GROUP_SIZE=0/INTERCHANGE VMS$AUDIT.com;,VMS$AUDIT_*.tpu;,VMS$AUDIT_boot_options.answers;,que$stalled.com;,uaf$detailed_analysis.com;,uaf$quick_analysis.com;,quick_audit.com;,vms$audit_*.config; VMS$AUDIT.BCK/SAVE_SET
Operating system:  hp OpenVMS I64 version V8.4
BACKUP version:    V8.4
CPU ID register:   80000000
Node name:         _CLASS8::
Written on:        _DSA2:
Block size:        32256
Buffer count:      1238

[LRICKER.VMSAUDITS]VMS$AUDIT.COM;50                         98  16-FEB-2016 13:57
[LRICKER.VMSAUDITS]VMS$AUDIT_REPLACECRLF.TPU;2               7  16-JUN-2014 11:05
[LRICKER.VMSAUDITS]VMS$AUDIT_TRIMTRAIL.TPU;2                 7  16-JUN-2014 11:05
[LRICKER.VMSAUDITS]VMS$AUDIT_BOOT_OPTIONS.ANSWERS;1          1  28-MAY-2014 11:16
[LRICKER.VMSAUDITS]QUE$STALLED.COM;2                         8  17-JUN-2014 14:52
[LRICKER.VMSAUDITS]UAF$DETAILED_ANALYSIS.COM;4              23  29-MAY-2015 11:38
[LRICKER.VMSAUDITS]UAF$QUICK_ANALYSIS.COM;3                  5  29-MAY-2015 11:23
[LRICKER.VMSAUDITS]QUICK_AUDIT.COM;2                         3  16-JUN-2014 11:07
[LRICKER.VMSAUDITS]VMS$AUDIT_LRICKER.CONFIG;3                2  16-FEB-2016 13:52
[LRICKER.VMSAUDITS]VMS$AUDIT_TEMPLATE.CONFIG;3               2  16-FEB-2016 13:57

Total of 10 files, 156 blocks
End of save set

